SF:lib/features/news/domain/entity/news.dart
DA:10,2
LF:1
LH:1
end_of_record
SF:lib/features/news/domain/entity/news_result.dart
DA:7,1
LF:1
LH:1
end_of_record
SF:lib/features/news/domain/usecase/get_news_usecase.dart
DA:8,0
DA:11,0
DA:13,0
DA:14,0
DA:19,1
LF:5
LH:1
end_of_record
SF:lib/features/news/presentation/view_model/news_view_model.dart
DA:15,1
DA:16,1
DA:19,2
DA:21,0
DA:22,0
DA:23,0
DA:26,1
DA:27,2
DA:29,2
DA:30,2
DA:32,2
DA:33,1
DA:35,1
DA:39,2
DA:40,2
DA:43,4
DA:44,3
DA:45,3
DA:46,1
DA:47,2
DA:48,2
DA:49,2
LF:22
LH:19
end_of_record
SF:lib/common/base/api_exception.dart
DA:5,0
DA:7,0
DA:8,0
DA:10,0
DA:12,0
DA:17,0
DA:18,0
DA:22,0
DA:26,0
DA:30,0
DA:34,0
LF:11
LH:0
end_of_record
SF:lib/common/base/base_service.dart
DA:22,0
DA:24,0
DA:27,0
DA:34,0
DA:35,0
DA:39,0
DA:40,0
DA:44,0
DA:45,0
DA:57,0
DA:65,0
DA:66,0
DA:67,0
DA:68,0
DA:70,0
DA:73,0
DA:74,0
DA:75,0
DA:76,0
DA:77,0
DA:78,0
DA:79,0
DA:80,0
DA:81,0
DA:82,0
DA:83,0
DA:84,0
DA:85,0
DA:88,0
DA:89,0
DA:91,0
DA:93,0
DA:95,0
DA:96,0
DA:97,0
DA:99,0
DA:100,0
DA:104,0
DA:108,0
DA:109,0
DA:111,0
DA:113,0
DA:114,0
DA:115,0
DA:116,0
DA:117,0
DA:118,0
DA:120,0
DA:123,0
DA:125,0
DA:128,0
DA:129,0
DA:130,0
DA:131,0
DA:132,0
DA:138,0
DA:142,0
DA:143,0
DA:146,0
DA:148,0
DA:149,0
DA:152,0
DA:160,0
DA:167,0
DA:169,0
DA:171,0
DA:173,0
DA:177,0
DA:180,0
DA:182,0
DA:184,0
LF:71
LH:0
end_of_record
SF:lib/common/base/base_view_model.dart
DA:9,2
DA:12,0
DA:14,1
DA:16,2
DA:17,1
DA:18,1
DA:22,1
DA:24,2
DA:25,1
DA:26,1
DA:30,1
DA:32,2
DA:34,1
DA:36,1
DA:37,1
LF:15
LH:14
end_of_record
SF:lib/common/base/pagination.dart
DA:7,1
DA:8,1
DA:9,1
DA:10,1
DA:13,2
DA:14,2
DA:16,2
DA:18,1
DA:19,1
DA:20,5
DA:21,0
DA:22,0
DA:24,1
LF:13
LH:11
end_of_record
SF:lib/common/extension/app_theme.dart
DA:7,2
DA:10,1
DA:11,1
DA:12,1
DA:13,1
DA:30,2
DA:33,1
DA:34,1
DA:35,1
DA:36,1
LF:10
LH:10
end_of_record
SF:lib/features/news/presentation/view/news_screen.dart
DA:11,1
DA:13,1
DA:14,1
DA:19,1
DA:21,1
DA:23,1
DA:24,1
DA:26,1
DA:27,1
DA:28,2
DA:29,2
DA:31,1
DA:40,1
DA:42,1
DA:43,1
DA:50,1
DA:52,1
DA:53,2
DA:54,2
DA:55,0
DA:56,0
DA:57,0
DA:62,1
DA:64,1
DA:65,1
DA:66,1
DA:67,0
DA:68,2
DA:70,1
DA:71,1
DA:73,2
DA:74,1
DA:77,5
DA:79,1
DA:80,2
DA:81,1
DA:82,1
DA:83,1
DA:84,1
DA:85,1
DA:86,1
DA:95,1
DA:97,1
DA:99,1
DA:101,1
DA:103,5
DA:105,1
DA:113,1
DA:115,1
DA:117,1
DA:118,2
DA:119,0
DA:120,0
DA:121,1
DA:123,1
DA:124,1
DA:125,1
DA:126,1
LF:58
LH:52
end_of_record
SF:lib/features/news/presentation/view/widget/news_card_shimmer.dart
DA:6,1
DA:8,1
DA:10,3
DA:12,3
DA:13,1
DA:15,1
DA:16,1
DA:18,1
DA:19,1
DA:22,1
DA:23,3
DA:28,1
DA:29,1
DA:31,2
DA:32,1
DA:35,1
DA:36,3
DA:42,1
DA:45,1
DA:46,3
DA:52,1
DA:55,1
DA:56,3
DA:62,1
DA:65,1
DA:66,3
DA:72,1
DA:75,1
DA:76,3
DA:82,1
DA:85,1
DA:86,3
DA:92,1
DA:94,1
DA:97,1
DA:98,3
LF:36
LH:36
end_of_record
SF:lib/features/news/presentation/view/widget/news_card_view.dart
DA:6,1
DA:18,1
DA:20,1
DA:21,1
DA:23,1
DA:24,1
DA:26,1
DA:27,1
DA:28,1
DA:29,1
DA:33,0
DA:36,1
DA:37,1
DA:39,2
DA:40,1
DA:41,1
DA:43,3
DA:46,1
DA:47,1
DA:48,1
DA:50,3
DA:53,1
DA:55,1
DA:56,3
DA:58,3
LF:25
LH:24
end_of_record
SF:lib/common/extension/colors.dart
DA:5,0
DA:6,0
DA:7,0
DA:8,0
DA:9,0
DA:15,1
DA:23,0
DA:28,0
DA:29,0
DA:30,0
DA:34,0
DA:36,0
DA:39,0
DA:40,0
DA:42,0
DA:47,0
DA:49,0
LF:17
LH:1
end_of_record
SF:lib/common/widget/app_image.dart
DA:5,1
DA:20,1
DA:22,1
DA:23,1
DA:24,1
DA:26,0
DA:27,0
DA:30,1
DA:31,1
DA:32,1
DA:33,3
DA:34,1
DA:35,1
DA:36,1
DA:38,2
DA:39,2
DA:40,1
DA:41,3
DA:43,0
DA:50,0
DA:65,0
DA:67,0
DA:68,0
DA:69,0
DA:70,0
DA:71,0
DA:73,0
DA:74,0
DA:76,0
DA:77,0
LF:30
LH:16
end_of_record
SF:lib/common/widget/default_appbar.dart
DA:5,1
DA:8,1
DA:10,1
DA:12,1
DA:13,1
DA:14,3
DA:15,1
DA:16,1
DA:17,1
DA:18,4
DA:20,3
DA:21,3
LF:12
LH:12
end_of_record
SF:lib/common/extension/text_style.dart
DA:5,1
DA:13,0
DA:18,0
DA:19,0
DA:20,0
DA:24,0
DA:27,0
DA:30,0
DA:32,0
DA:33,0
LF:10
LH:1
end_of_record
